<?xml version="1.0" encoding="UTF-8"?>
<!-- Generated by org.testng.reporters.JUnitReportReporter -->
<testsuite skipped="0" hostname="DESKTOP-FJ710P4" name="com.beilie.test.bole.cases.项目部.项目执行._02GP10项目详情_项目执行_到新建Offer" tests="1" failures="0" timestamp="14 九月 2022 09:30:44 GMT" time="43.539" errors="1">
  <testcase name="run" time="43.539" classname="com.beilie.test.bole.cases.项目部.项目执行._02GP10项目详情_项目执行_到新建Offer">
    <error type="org.openqa.selenium.WebDriverException" message="element click intercepted: Element &lt;iframe src=&quot;/webapps/v2/GP/GP14/index.html?pageMode=GP14&amp;amp;modalHeight=100%25&amp;amp;modalWidth=100%25&amp;amp;bole-v=1.1.0&amp;amp;candidateId=1017764577955282944&amp;amp;projectId=747500678301089792&amp;amp;reportId=1017790062978400256&amp;amp;modalType=Window&amp;amp;formKey=GP14&amp;amp;formName=%E9%A1%B9%E7%9B%AE%E5%80%99%E9%80%89%E4%BA%BA%E8%AF%A6%E6%83%85&amp;amp;lang=zh&amp;amp;windowId=WID516197915703843&amp;amp;dark=1&quot; frameborder=&quot;0&quot; id=&quot;WID516197915703843&quot; cd_frame_id_=&quot;e3ca22a69d46f816427562beb1f0a7ac&quot;&gt;&lt;/iframe&gt; is not clickable at point (147, 541). Other element would receive the click: &lt;div id=&quot;WID169958001171059box&quot; class=&quot;mask d-flex align-items-center justify-content-center&quot; style=&quot;z-index:WID169958001171059;width:100%;height:100%&quot;&gt;...&lt;/div&gt;
  (Session info: chrome=98.0.4758.82)
  (Driver info: chromedriver=98.0.4758.80 (7f0488e8ba0d8e019187c6325a16c29d9b7f4989-refs/branch-heads/4758@{#972}),platform=Windows NT 10.0.19043 x86_64) (WARNING: The server did not provide any stacktrace information)
Command duration or timeout: 1.08 seconds
Build info: version: &#039;2.53.1&#039;, revision: &#039;a36b8b1cd5757287168e54b817830adce9b0158d&#039;, time: &#039;2016-06-30 19:26:09&#039;
System info: host: &#039;DESKTOP-FJ710P4&#039;, ip: &#039;192.168.5.36&#039;, os.name: &#039;Windows 10&#039;, os.arch: &#039;amd64&#039;, os.version: &#039;10.0&#039;, java.version: &#039;1.8.0_162&#039;
Driver info: org.openqa.selenium.chrome.ChromeDriver
Capabilities [{mobileEmulationEnabled=false, timeouts={implicit=0, pageLoad=300000, script=30000}, hasTouchScreen=false, platform=XP, acceptSslCerts=false, goog:chromeOptions={debuggerAddress=localhost:50035}, webauthn:extension:credBlob=true, acceptInsecureCerts=false, webStorageEnabled=true, browserName=chrome, takesScreenshot=true, javascriptEnabled=true, setWindowRect=true, webauthn:extension:largeBlob=true, unexpectedAlertBehaviour=ignore, rotatable=false, networkConnectionEnabled=false, chrome={chromedriverVersion=98.0.4758.80 (7f0488e8ba0d8e019187c6325a16c29d9b7f4989-refs/branch-heads/4758@{#972}), userDataDir=C:\Users\86182\AppData\Local\Temp\scoped_dir14056_1067536527}, takesHeapSnapshot=true, pageLoadStrategy=normal, strictFileInteractability=false, databaseEnabled=false, handlesAlerts=true, version=98.0.4758.82, browserConnectionEnabled=false, proxy={}, nativeEvents=true, locationContextEnabled=true, cssSelectorsEnabled=true, webauthn:virtualAuthenticators=true}]
Session ID: d0cc108a376e9167da101f721ce74c46">
      <![CDATA[org.openqa.selenium.WebDriverException: element click intercepted: Element <iframe src="/webapps/v2/GP/GP14/index.html?pageMode=GP14&amp;modalHeight=100%25&amp;modalWidth=100%25&amp;bole-v=1.1.0&amp;candidateId=1017764577955282944&amp;projectId=747500678301089792&amp;reportId=1017790062978400256&amp;modalType=Window&amp;formKey=GP14&amp;formName=%E9%A1%B9%E7%9B%AE%E5%80%99%E9%80%89%E4%BA%BA%E8%AF%A6%E6%83%85&amp;lang=zh&amp;windowId=WID516197915703843&amp;dark=1" frameborder="0" id="WID516197915703843" cd_frame_id_="e3ca22a69d46f816427562beb1f0a7ac"></iframe> is not clickable at point (147, 541). Other element would receive the click: <div id="WID169958001171059box" class="mask d-flex align-items-center justify-content-center" style="z-index:WID169958001171059;width:100%;height:100%">...</div>
  (Session info: chrome=98.0.4758.82)
  (Driver info: chromedriver=98.0.4758.80 (7f0488e8ba0d8e019187c6325a16c29d9b7f4989-refs/branch-heads/4758@{#972}),platform=Windows NT 10.0.19043 x86_64) (WARNING: The server did not provide any stacktrace information)
Command duration or timeout: 1.08 seconds
Build info: version: '2.53.1', revision: 'a36b8b1cd5757287168e54b817830adce9b0158d', time: '2016-06-30 19:26:09'
System info: host: 'DESKTOP-FJ710P4', ip: '192.168.5.36', os.name: 'Windows 10', os.arch: 'amd64', os.version: '10.0', java.version: '1.8.0_162'
Driver info: org.openqa.selenium.chrome.ChromeDriver
Capabilities [{mobileEmulationEnabled=false, timeouts={implicit=0, pageLoad=300000, script=30000}, hasTouchScreen=false, platform=XP, acceptSslCerts=false, goog:chromeOptions={debuggerAddress=localhost:50035}, webauthn:extension:credBlob=true, acceptInsecureCerts=false, webStorageEnabled=true, browserName=chrome, takesScreenshot=true, javascriptEnabled=true, setWindowRect=true, webauthn:extension:largeBlob=true, unexpectedAlertBehaviour=ignore, rotatable=false, networkConnectionEnabled=false, chrome={chromedriverVersion=98.0.4758.80 (7f0488e8ba0d8e019187c6325a16c29d9b7f4989-refs/branch-heads/4758@{#972}), userDataDir=C:\Users\86182\AppData\Local\Temp\scoped_dir14056_1067536527}, takesHeapSnapshot=true, pageLoadStrategy=normal, strictFileInteractability=false, databaseEnabled=false, handlesAlerts=true, version=98.0.4758.82, browserConnectionEnabled=false, proxy={}, nativeEvents=true, locationContextEnabled=true, cssSelectorsEnabled=true, webauthn:virtualAuthenticators=true}]
Session ID: d0cc108a376e9167da101f721ce74c46
	at sun.reflect.NativeConstructorAccessorImpl.newInstance0(Native Method)
	at sun.reflect.NativeConstructorAccessorImpl.newInstance(NativeConstructorAccessorImpl.java:62)
	at sun.reflect.DelegatingConstructorAccessorImpl.newInstance(DelegatingConstructorAccessorImpl.java:45)
	at java.lang.reflect.Constructor.newInstance(Constructor.java:423)
	at org.openqa.selenium.remote.ErrorHandler.createThrowable(ErrorHandler.java:206)
	at org.openqa.selenium.remote.ErrorHandler.throwIfResponseFailed(ErrorHandler.java:158)
	at org.openqa.selenium.remote.RemoteWebDriver.execute(RemoteWebDriver.java:678)
	at org.openqa.selenium.remote.RemoteWebElement.execute(RemoteWebElement.java:327)
	at org.openqa.selenium.remote.RemoteWebElement.click(RemoteWebElement.java:85)
	at com.beilie.test.seleniums.core.sealed.WebElementVendor.click(WebElementVendor.java:39)
	at com.beilie.test.seleniums.core.UIElement.click(UIElement.java:10)
	at com.beilie.test.bole.pages.GP.GPXX.GP14Page.carryButton_click(GP14Page.java:34)
	at com.beilie.test.bole.cases.项目部.项目执行._02GP10项目详情_项目执行_到新建Offer.process(_02GP10项目详情_项目执行_到新建Offer.java:64)
	at com.beilie.test.bole.cases.项目部.项目执行._02GP10项目详情_项目执行_到新建Offer.run(_02GP10项目详情_项目执行_到新建Offer.java:15)
	at sun.reflect.NativeMethodAccessorImpl.invoke0(Native Method)
	at sun.reflect.NativeMethodAccessorImpl.invoke(NativeMethodAccessorImpl.java:62)
	at sun.reflect.DelegatingMethodAccessorImpl.invoke(DelegatingMethodAccessorImpl.java:43)
	at java.lang.reflect.Method.invoke(Method.java:498)
	at org.testng.internal.MethodInvocationHelper.invokeMethod(MethodInvocationHelper.java:108)
	at org.testng.internal.Invoker.invokeMethod(Invoker.java:661)
	at org.testng.internal.Invoker.invokeTestMethod(Invoker.java:869)
	at org.testng.internal.Invoker.invokeTestMethods(Invoker.java:1193)
	at org.testng.internal.TestMethodWorker.invokeTestMethods(TestMethodWorker.java:126)
	at org.testng.internal.TestMethodWorker.run(TestMethodWorker.java:109)
	at org.testng.TestRunner.privateRun(TestRunner.java:744)
	at org.testng.TestRunner.run(TestRunner.java:602)
	at org.testng.SuiteRunner.runTest(SuiteRunner.java:380)
	at org.testng.SuiteRunner.runSequentially(SuiteRunner.java:375)
	at org.testng.SuiteRunner.privateRun(SuiteRunner.java:340)
	at org.testng.SuiteRunner.run(SuiteRunner.java:289)
	at org.testng.SuiteRunnerWorker.runSuite(SuiteRunnerWorker.java:52)
	at org.testng.SuiteRunnerWorker.run(SuiteRunnerWorker.java:86)
	at org.testng.TestNG.runSuitesSequentially(TestNG.java:1301)
	at org.testng.TestNG.runSuitesLocally(TestNG.java:1226)
	at org.testng.TestNG.runSuites(TestNG.java:1144)
	at org.testng.TestNG.run(TestNG.java:1115)
	at org.apache.maven.surefire.testng.TestNGExecutor.run(TestNGExecutor.java:293)
	at org.apache.maven.surefire.testng.TestNGXmlTestSuite.execute(TestNGXmlTestSuite.java:84)
	at org.apache.maven.surefire.testng.TestNGProvider.invoke(TestNGProvider.java:91)
	at org.apache.maven.surefire.booter.ForkedBooter.invokeProviderInSameClassLoader(ForkedBooter.java:200)
	at org.apache.maven.surefire.booter.ForkedBooter.runSuitesInProcess(ForkedBooter.java:153)
	at org.apache.maven.surefire.booter.ForkedBooter.main(ForkedBooter.java:103)
]]>
    </error>
  </testcase> <!-- run -->
</testsuite> <!-- com.beilie.test.bole.cases.项目部.项目执行._02GP10项目详情_项目执行_到新建Offer -->
